<?xml version="1.0" encoding="UTF-8"?>
<!-- Generated by org.testng.reporters.JUnitReportReporter -->
<testsuite skipped="0" hostname="Raghavendra-Gupta.local" name="com.tests.LoginTest" tests="2" failures="0" timestamp="28 Aug 2018 11:53:34 GMT" time="14.604" errors="0">
  <testcase name="freeCRMTitleTest" time="6.682" classname="com.tests.LoginTest"/>
  <testcase name="freeCRMLogoTest" time="7.922" classname="com.tests.LoginTest"/>
</testsuite> <!-- com.tests.LoginTest -->
